#
# There is insufficient memory for the Java Runtime Environment to continue.
# Native memory allocation (mmap) failed to map 134217728 bytes for Failed to commit area from 0x0000000081800000 to 0x0000000089800000 of length 134217728.
# Possible reasons:
#   The system is out of physical RAM or swap space
#   The process is running with CompressedOops enabled, and the Java Heap may be blocking the growth of the native heap
# Possible solutions:
#   Reduce memory load on the system
#   Increase physical memory or swap space
#   Check if swap backing store is full
#   Decrease Java heap size (-Xmx/-Xms)
#   Decrease number of Java threads
#   Decrease Java thread stack sizes (-Xss)
#   Set larger code cache with -XX:ReservedCodeCacheSize=
#   JVM is running with Unscaled Compressed Oops mode in which the Java heap is
#     placed in the first 4GB address space. The Java Heap base address is the
#     maximum limit for the native heap growth. Please use -XX:HeapBaseMinAddress
#     to set the Java Heap base and to place the Java Heap above 4GB virtual address.
# This output file may be truncated or incomplete.
#
#  Out of Memory Error (./open/src/hotspot/os/windows/os_windows.cpp:3315), pid=24808, tid=23440
#
# JRE version:  (14.0.1+7) (build )
# Java VM: Java HotSpot(TM) 64-Bit Server VM (14.0.1+7, mixed mode, sharing, tiered, compressed oops, g1 gc, windows-amd64)
# No core dump will be written. Minidumps are not enabled by default on client versions of Windows
#

---------------  S U M M A R Y ------------

Command Line: -Dfile.encoding=windows-1252 -Duser.country=US -Duser.language=en -Duser.variant UCHelper.client.Main

Host: Intel(R) Core(TM) i7-4600U CPU @ 2.10GHz, 4 cores, 7G,  Windows 8.1 , 64 bit Build 9600 (6.3.9600.19843)
Time: Thu Mar 25 13:09:22 2021 Malay Peninsula Standard Time elapsed time: 0 seconds (0d 0h 0m 0s)

---------------  T H R E A D  ---------------

Current thread (0x0000005a948fc000):  JavaThread "Unknown thread" [_thread_in_vm, id=23440, stack(0x0000005a927f0000,0x0000005a928f0000)]

Stack: [0x0000005a927f0000,0x0000005a928f0000]
Native frames: (J=compiled Java code, j=interpreted, Vv=VM code, C=native code)
V  [jvm.dll+0x5f840a]
V  [jvm.dll+0x741e4a]
V  [jvm.dll+0x7435ff]
V  [jvm.dll+0x743c43]
V  [jvm.dll+0x20d288]
V  [jvm.dll+0x5f57ba]
V  [jvm.dll+0x5ea615]
V  [jvm.dll+0x2c7e9c]
V  [jvm.dll+0x2c7cd2]
V  [jvm.dll+0x2cdbbc]
V  [jvm.dll+0x313ff8]
V  [jvm.dll+0x313720]
V  [jvm.dll+0x2a092a]
V  [jvm.dll+0x2a1a79]
V  [jvm.dll+0x71f718]
V  [jvm.dll+0x321c44]
V  [jvm.dll+0x700b0c]
V  [jvm.dll+0x392dff]
V  [jvm.dll+0x394e71]
C  [jli.dll+0x523b]
C  [ucrtbase.DLL+0x203ba]
C  [KERNEL32.dll+0x13f2]
C  [ntdll.dll+0x154f4]


---------------  P R O C E S S  ---------------

Threads class SMR info:
_java_thread_list=0x00007ffab43a3078, length=0, elements={
}

Java Threads: ( => current thread )

Other Threads:
  0x0000005a9493e800 GCTaskThread "GC Thread#0" [stack: 0x0000005a94670000,0x0000005a94770000] [id=21892]
  0x0000005ab0b64000 ConcurrentGCThread "G1 Main Marker" [stack: 0x0000005ab0d60000,0x0000005ab0e60000] [id=25404]
  0x0000005a9494d000 ConcurrentGCThread "G1 Conc#0" [stack: 0x0000005ab0e60000,0x0000005ab0f60000] [id=18028]

[error occurred during error reporting (printing all threads), id 0xc0000005, EXCEPTION_ACCESS_VIOLATION (0xc0000005) at pc=0x00007ffab3bd1257]

VM state:not at safepoint (not fully initialized)

VM Mutex/Monitor currently owned by a thread:  ([mutex/lock_event])
[0x0000005a948f7ce0] Heap_lock - owner thread: 0x0000005a948fc000

Heap address: 0x0000000081800000, size: 2024 MB, Compressed Oops mode: 32-bit
Narrow klass base: 0x0000000000000000, Narrow klass shift: 0

GC Heap History (0 events):
No events

Deoptimization events (0 events):
No events

Classes unloaded (0 events):
No events

Classes redefined (0 events):
No events

Internal exceptions (0 events):
No events

Events (2 events):
Event: 0.008 Loaded shared library C:\Program Files\Java\jdk-14.0.1\bin\java.dll
Event: 0.008 Loaded shared library C:\Program Files\Java\jdk-14.0.1\bin\zip.dll


Dynamic libraries:
0x00007ff7b2370000 - 0x00007ff7b237f000 	C:\Program Files\Java\jdk-14.0.1\bin\java.exe
0x00007ffadffa0000 - 0x00007ffae014d000 	C:\Windows\SYSTEM32\ntdll.dll
0x00007ffaded00000 - 0x00007ffadee3f000 	C:\Windows\system32\KERNEL32.dll
0x00007ffadbba0000 - 0x00007ffadbc87000 	C:\Windows\system32\hmpalert.dll
0x00007ffadd240000 - 0x00007ffadd355000 	C:\Windows\system32\KERNELBASE.dll
0x00007ffadf550000 - 0x00007ffadf5fa000 	C:\Windows\system32\ADVAPI32.dll
0x00007ffadf300000 - 0x00007ffadf3aa000 	C:\Windows\system32\msvcrt.dll
0x00007ffadf750000 - 0x00007ffadf7a8000 	C:\Windows\SYSTEM32\sechost.dll
0x00007ffadf600000 - 0x00007ffadf73f000 	C:\Windows\system32\RPCRT4.dll
0x00007ffadd5f0000 - 0x00007ffadd61e000 	C:\Windows\system32\SspiCli.dll
0x00007ffad6290000 - 0x00007ffad62a8000 	C:\Program Files\Java\jdk-14.0.1\bin\jli.dll
0x00007ffad53c0000 - 0x00007ffad53d5000 	C:\Program Files\Java\jdk-14.0.1\bin\VCRUNTIME140.dll
0x00007ffad53b0000 - 0x00007ffad53b4000 	C:\Program Files\Java\jdk-14.0.1\bin\api-ms-win-crt-stdio-l1-1-0.dll
0x00007ffad3ec0000 - 0x00007ffad3ec4000 	C:\Program Files\Java\jdk-14.0.1\bin\api-ms-win-crt-runtime-l1-1-0.dll
0x00007ffad3ea0000 - 0x00007ffad3ea3000 	C:\Program Files\Java\jdk-14.0.1\bin\api-ms-win-crt-environment-l1-1-0.dll
0x00007ffad3e80000 - 0x00007ffad3e85000 	C:\Program Files\Java\jdk-14.0.1\bin\api-ms-win-crt-math-l1-1-0.dll
0x00007ffad2ad0000 - 0x00007ffad2ad3000 	C:\Program Files\Java\jdk-14.0.1\bin\api-ms-win-crt-locale-l1-1-0.dll
0x00007ffad3370000 - 0x00007ffad3373000 	C:\Program Files\Java\jdk-14.0.1\bin\api-ms-win-crt-heap-l1-1-0.dll
0x00007ffada330000 - 0x00007ffada5ab000 	C:\Windows\WinSxS\amd64_microsoft.windows.common-controls_6595b64144ccf1df_6.0.9600.19394_none_62486577ecb635cf\COMCTL32.dll
0x00007ffadf110000 - 0x00007ffadf287000 	C:\Windows\system32\USER32.dll
0x00007ffad4220000 - 0x00007ffad422a000 	C:\Windows\SYSTEM32\VERSION.dll
0x00007ffad3390000 - 0x00007ffad3393000 	C:\Program Files\Java\jdk-14.0.1\bin\api-ms-win-crt-filesystem-l1-1-0.dll
0x00007ffad3ed0000 - 0x00007ffad3ed4000 	C:\Program Files\Java\jdk-14.0.1\bin\api-ms-win-crt-string-l1-1-0.dll
0x00007ffad3eb0000 - 0x00007ffad3eb4000 	C:\Program Files\Java\jdk-14.0.1\bin\api-ms-win-crt-convert-l1-1-0.dll
0x00007ffadebb0000 - 0x00007ffadecfe000 	C:\Windows\system32\GDI32.dll
0x00007ffac8260000 - 0x00007ffac835c000 	C:\Program Files\Java\jdk-14.0.1\bin\ucrtbase.DLL
0x00007ffadee40000 - 0x00007ffadee76000 	C:\Windows\system32\IMM32.DLL
0x00007ffadfd70000 - 0x00007ffadfec1000 	C:\Windows\system32\MSCTF.dll
0x00007ffad2880000 - 0x00007ffad291b000 	C:\Program Files\Java\jdk-14.0.1\bin\msvcp140.dll
0x00007ffad3380000 - 0x00007ffad3383000 	C:\Program Files\Java\jdk-14.0.1\bin\api-ms-win-crt-time-l1-1-0.dll
0x00007ffad3e90000 - 0x00007ffad3e93000 	C:\Program Files\Java\jdk-14.0.1\bin\api-ms-win-crt-utility-l1-1-0.dll
0x00007ffab3920000 - 0x00007ffab443e000 	C:\Program Files\Java\jdk-14.0.1\bin\server\jvm.dll
0x00007ffad2380000 - 0x00007ffad2389000 	C:\Windows\SYSTEM32\WSOCK32.dll
0x00007ffad7be0000 - 0x00007ffad7c02000 	C:\Windows\SYSTEM32\WINMM.dll
0x00007ffadfed0000 - 0x00007ffadfed7000 	C:\Windows\system32\PSAPI.DLL
0x00007ffadeb50000 - 0x00007ffadebaa000 	C:\Windows\system32\WS2_32.dll
0x00007ffad7bb0000 - 0x00007ffad7bda000 	C:\Windows\SYSTEM32\WINMMBASE.dll
0x00007ffadf740000 - 0x00007ffadf749000 	C:\Windows\system32\NSI.dll
0x00007ffadd540000 - 0x00007ffadd58f000 	C:\Windows\SYSTEM32\cfgmgr32.dll
0x00007ffadbf00000 - 0x00007ffadbf28000 	C:\Windows\SYSTEM32\DEVOBJ.dll
0x00007ffad3360000 - 0x00007ffad336a000 	C:\Program Files\Java\jdk-14.0.1\bin\jimage.dll
0x00007ffad21f0000 - 0x00007ffad2379000 	C:\Windows\SYSTEM32\DBGHELP.DLL
0x00007ffad2b00000 - 0x00007ffad2b25000 	C:\Program Files\Java\jdk-14.0.1\bin\java.dll
0x00007ffad2ae0000 - 0x00007ffad2af6000 	C:\Program Files\Java\jdk-14.0.1\bin\zip.dll

dbghelp: loaded successfully - version: 4.0.5 - missing functions: none
symbol engine: initialized successfully - sym options: 0x614 - pdb path: .;C:\Program Files\Java\jdk-14.0.1\bin;C:\Windows\SYSTEM32;C:\Windows\WinSxS\amd64_microsoft.windows.common-controls_6595b64144ccf1df_6.0.9600.19394_none_62486577ecb635cf;C:\Program Files\Java\jdk-14.0.1\bin\server

VM Arguments:
jvm_args: -Dfile.encoding=windows-1252 -Duser.country=US -Duser.language=en -Duser.variant 
java_command: UCHelper.client.Main
java_class_path (initial): C:\Users\Hp\Documents\GitHub\DSA\UCHelper\build\classes\java\main;C:\Users\Hp\Documents\GitHub\DSA\UCHelper\build\resources\main
Launcher Type: SUN_STANDARD

[Global flags]
     intx CICompilerCount                          = 3                                         {product} {ergonomic}
     uint ConcGCThreads                            = 1                                         {product} {ergonomic}
     uint G1ConcRefinementThreads                  = 4                                         {product} {ergonomic}
   size_t G1HeapRegionSize                         = 1048576                                   {product} {ergonomic}
    uintx GCDrainStackTargetSize                   = 64                                        {product} {ergonomic}
   size_t InitialHeapSize                          = 134217728                                 {product} {ergonomic}
   size_t MarkStackSize                            = 4194304                                   {product} {ergonomic}
   size_t MaxHeapSize                              = 2122317824                                {product} {ergonomic}
   size_t MinHeapDeltaBytes                        = 1048576                                   {product} {ergonomic}
   size_t MinHeapSize                              = 8388608                                   {product} {ergonomic}
    uintx NonNMethodCodeHeapSize                   = 5832780                                {pd product} {ergonomic}
    uintx NonProfiledCodeHeapSize                  = 122912730                              {pd product} {ergonomic}
    uintx ProfiledCodeHeapSize                     = 122912730                              {pd product} {ergonomic}
    uintx ReservedCodeCacheSize                    = 251658240                              {pd product} {ergonomic}
     bool SegmentedCodeCache                       = true                                      {product} {ergonomic}
   size_t SoftMaxHeapSize                          = 2122317824                             {manageable} {ergonomic}
     bool UseCompressedClassPointers               = true                                 {lp64_product} {ergonomic}
     bool UseCompressedOops                        = true                                 {lp64_product} {ergonomic}
     bool UseG1GC                                  = true                                      {product} {ergonomic}
     bool UseLargePagesIndividualAllocation        = false                                  {pd product} {ergonomic}

Logging:
Log output configuration:
 #0: stdout all=warning uptime,level,tags
 #1: stderr all=off uptime,level,tags

Environment Variables:
JAVA_HOME=C:\Program Files\Java\jdk-14.0.1
PATH=C:\Program Files (x86)\Common Files\Oracle\Java\javapath;C:\oraclexe\app\oracle\product\11.2.0\server\bin;C:\oracle\product\10.2.0\db_1\bin;C:\ProgramData\Oracle\Java\javapath;C:\Program Files\Java\jdk-14.0.1\bin;C:\Program Files\PowerShell\7\;C:\Program Files\Git\cmd;C:\Program Files\Git\mingw64\bin;C:\Program Files\Git\usr\bin;C:\Users\Hp\AppData\Local\Programs\Python\Python37-32\Scripts\;C:\Users\Hp\AppData\Local\Programs\Python\Python37-32\;C:\Users\Hp\Desktop\Scripts\;C:\Users\Hp\Desktop\;C:\Users\Hp\AppData\Local\GitHubDesktop\bin;C:\Users\Hp\AppData\Local\Programs\Microsoft VS Code\bin;C:\flutter\bin;C:\Program Files\Git\bin;C:\Windows\System32;
USERNAME=Hp
OS=Windows_NT
PROCESSOR_IDENTIFIER=Intel64 Family 6 Model 69 Stepping 1, GenuineIntel



---------------  S Y S T E M  ---------------

OS: Windows 8.1 , 64 bit Build 9600 (6.3.9600.19843)
OS uptime: 6 days 17:11 hours

CPU:total 4 (initial active 4) (2 cores per cpu, 2 threads per core) family 6 model 69 stepping 1, cmov, cx8, fxsr, mmx, sse, sse2, sse3, ssse3, sse4.1, sse4.2, popcnt, avx, avx2, aes, clmul, erms, lzcnt, ht, tsc, tscinvbit, bmi1, bmi2, fma

Memory: 4k page, system-wide physical 8089M (3685M free)
TotalPageFile size 23401M (AvailPageFile size 86M)
current process WorkingSet (physical memory assigned to process): 9M, peak: 9M
current process commit charge ("private bytes"): 52M, peak: 180M

vm_info: Java HotSpot(TM) 64-Bit Server VM (14.0.1+7) for windows-amd64 JRE (14.0.1+7), built on Mar  5 2020 10:30:14 by "mach5one" with MS VC++ 15.9 (VS2017)

END.
